<?xml version="1.0" encoding="UTF-8"?>
<!-- Generated by org.testng.reporters.JUnitReportReporter -->
<testsuite hostname="chandra" failures="0" tests="1" name="com.testng.Soft_Asset" time="6.021" errors="0" timestamp="2022-11-24T11:34:30 IST" skipped="0">
  <testcase classname="com.testng.Soft_Asset" name="credencials" time="6.021"/>
  <system-out/>
</testsuite> <!-- com.testng.Soft_Asset -->
