<?xml version="1.0" encoding="UTF-8"?>
<!-- Generated by org.testng.reporters.JUnitReportReporter -->
<testsuite hostname="chandra" failures="0" tests="4" name="com.testng.Ignore_Concept" time="0.026" errors="0" timestamp="2022-11-24T00:43:05 IST" skipped="1">
  <testcase classname="com.testng.Ignore_Concept" name="chickenBurger" time="0.006"/>
  <system-out/>
  <testcase classname="com.testng.Ignore_Concept" name="briyani" time="0.017"/>
  <system-out/>
  <testcase classname="com.testng.Ignore_Concept" name="pizza" time="0.003"/>
  <system-out/>
  <testcase classname="com.testng.Ignore_Concept" name="popcorn">
    <skipped/>
  </testcase> <!-- popcorn -->
  <system-out/>
</testsuite> <!-- com.testng.Ignore_Concept -->
