<?xml version="1.0" encoding="UTF-8"?>
<!-- Generated by org.testng.reporters.JUnitReportReporter -->
<testsuite hostname="chandra" failures="0" tests="2" name="com.testng.Parallel_Test" time="0.014" errors="0" timestamp="2022-11-24T11:21:39 IST" skipped="0">
  <testcase classname="com.testng.Parallel_Test" name="browserLaunch" time="0.007"/>
  <system-out/>
  <testcase classname="com.testng.Parallel_Test" name="urlLaunch" time="0.007"/>
  <system-out/>
</testsuite> <!-- com.testng.Parallel_Test -->
