<?xml version="1.0" encoding="UTF-8"?>
<!-- Generated by org.testng.reporters.JUnitReportReporter -->
<testsuite hostname="chandra" failures="0" tests="3" name="com.testng.DataProvider" time="16.363" errors="0" timestamp="2022-11-24T11:11:52 IST" skipped="0">
  <testcase classname="com.testng.DataProvider" name="browserLaunch" time="6.002"/>
  <system-out/>
  <testcase classname="com.testng.DataProvider" name="browserLaunch" time="4.939"/>
  <system-out/>
  <testcase classname="com.testng.DataProvider" name="browserLaunch" time="5.422"/>
  <system-out/>
</testsuite> <!-- com.testng.DataProvider -->
