<?xml version="1.0" encoding="UTF-8"?>
<!-- Generated by org.testng.reporters.JUnitReportReporter -->
<testsuite hostname="chandra" failures="0" tests="2" name="com.testng.Dependency" time="0.006" errors="0" timestamp="2022-11-24T00:56:32 IST" skipped="0">
  <testcase classname="com.testng.Dependency" name="credencials" time="0.005"/>
  <system-out/>
  <testcase classname="com.testng.Dependency" name="login" time="0.001"/>
  <system-out/>
</testsuite> <!-- com.testng.Dependency -->
