<?xml version="1.0" encoding="UTF-8"?>
<!-- Generated by org.testng.reporters.JUnitReportReporter -->
<testsuite hostname="chandra" failures="0" tests="5" name="com.testng.Simple_Annotation" time="0.028" errors="0" timestamp="2022-11-24T00:34:38 IST" skipped="0">
  <testcase classname="com.testng.Simple_Annotation" name="toys" time="0.001"/>
  <system-out/>
  <testcase classname="com.testng.Simple_Annotation" name="toys" time="0.005"/>
  <system-out/>
  <testcase classname="com.testng.Simple_Annotation" name="mobilePhones" time="0.009"/>
  <system-out/>
  <testcase classname="com.testng.Simple_Annotation" name="mobilePhones" time="0.007"/>
  <system-out/>
  <testcase classname="com.testng.Simple_Annotation" name="clothes" time="0.006"/>
  <system-out/>
</testsuite> <!-- com.testng.Simple_Annotation -->
