<?xml version="1.0" encoding="UTF-8"?>
<!-- Generated by org.testng.reporters.JUnitReportReporter -->
<testsuite hostname="chandra" failures="0" tests="6" name="com.testng.Grouping_Concept" time="0.013" errors="0" timestamp="2022-11-24T00:53:27 IST" skipped="0">
  <testcase classname="com.testng.Grouping_Concept" name="chickenBurger" time="0.001"/>
  <system-out/>
  <testcase classname="com.testng.Grouping_Concept" name="frenchFries" time="0.001"/>
  <system-out/>
  <testcase classname="com.testng.Grouping_Concept" name="popcorn" time="0.001"/>
  <system-out/>
  <testcase classname="com.testng.Grouping_Concept" name="pizza" time="0.003"/>
  <system-out/>
  <testcase classname="com.testng.Grouping_Concept" name="briyani" time="0.006"/>
  <system-out/>
  <testcase classname="com.testng.Grouping_Concept" name="curdRice" time="0.001"/>
  <system-out/>
</testsuite> <!-- com.testng.Grouping_Concept -->
