<?xml version="1.0" encoding="UTF-8"?>
<!-- Generated by org.testng.reporters.JUnitReportReporter -->
<testsuite hostname="chandra" failures="0" tests="1" name="com.testng.Parameterized_Concept" time="6.330" errors="0" timestamp="2022-11-24T11:02:26 IST" skipped="0">
  <testcase classname="com.testng.Parameterized_Concept" name="browserLaunch" time="6.330"/>
  <system-out/>
</testsuite> <!-- com.testng.Parameterized_Concept -->
