<?xml version="1.0" encoding="UTF-8"?>
<!-- Generated by org.testng.reporters.JUnitReportReporter -->
<testsuite hostname="chandra" failures="0" tests="1" name="com.testng.Hard_Asset" time="6.029" errors="0" timestamp="2022-11-24T11:31:21 IST" skipped="0">
  <testcase classname="com.testng.Hard_Asset" name="credencials" time="6.029"/>
  <system-out/>
</testsuite> <!-- com.testng.Hard_Asset -->
